<?xml version="1.0" encoding="UTF-8"?>
<!-- Generated by org.testng.reporters.JUnitReportReporter -->
<testsuite hostname="ITGL-3XHVM12" name="test.VeriftyLogin" tests="1" failures="0" timestamp="31 Aug 2016 18:28:01 GMT" time="12.741" errors="0">
  <testcase name="verifyValidLogin" time="12.741" classname="test.VeriftyLogin"/>
</testsuite> <!-- test.VeriftyLogin -->
