<?xml version="1.0" encoding="UTF-8"?>
<!-- Generated by org.testng.reporters.JUnitReportReporter -->
<testsuite hostname="ITGL-3XHVM12" name="test.ComadReviewTest" tests="26" failures="0" timestamp="17 Jul 2017 14:47:36 GMT" time="123.331" errors="0">
  <testcase name="finalReviewManagerAssignRequest" time="21.860" classname="test.ComadReviewTest"/>
  <testcase name="finalReviewerSelectRequest" time="9.458" classname="test.ComadReviewTest"/>
  <testcase name="usacReviewerSubmitNote" time="6.898" classname="test.ComadReviewTest"/>
  <testcase name="qaReviewManagerAssignRequest" time="12.364" classname="test.ComadReviewTest"/>
  <testcase name="qaReviewerSignOut" time="2.290" classname="test.ComadReviewTest"/>
  <testcase name="finalReviewerSignOut" time="2.384" classname="test.ComadReviewTest"/>
  <testcase name="usacReviewerLogin" time="1.370" classname="test.ComadReviewTest"/>
  <testcase name="qaReviewerRelatedActions" time="1.425" classname="test.ComadReviewTest"/>
  <testcase name="finalReviewManagerSignOut" time="2.153" classname="test.ComadReviewTest"/>
  <testcase name="finalReviewerLogin" time="1.348" classname="test.ComadReviewTest"/>
  <testcase name="qaReviewerSubmitNote" time="6.252" classname="test.ComadReviewTest"/>
  <testcase name="usacReviewerRelatedActions" time="1.516" classname="test.ComadReviewTest"/>
  <testcase name="usacReviewerAddReviewNotes" time="1.062" classname="test.ComadReviewTest"/>
  <testcase name="qaReviewerAddReviewNotes" time="1.121" classname="test.ComadReviewTest"/>
  <testcase name="finalReviewManagerLogin" time="3.182" classname="test.ComadReviewTest"/>
  <testcase name="qareviewManagerLogin" time="1.250" classname="test.ComadReviewTest"/>
  <testcase name="finalReviewerRelatedActions" time="1.390" classname="test.ComadReviewTest"/>
  <testcase name="qaReviewManagerSignOut" time="2.089" classname="test.ComadReviewTest"/>
  <testcase name="qaReviewerLogin" time="1.297" classname="test.ComadReviewTest"/>
  <testcase name="usacReviewManagerAssignRequest" time="12.762" classname="test.ComadReviewTest"/>
  <testcase name="usacReviewerSelectRequest" time="9.355" classname="test.ComadReviewTest"/>
  <testcase name="usacReviewManagerLogin" time="1.353" classname="test.ComadReviewTest"/>
  <testcase name="finalReviewerAddReviewNotes" time="1.481" classname="test.ComadReviewTest"/>
  <testcase name="finalReviewerSubmitNote" time="6.567" classname="test.ComadReviewTest"/>
  <testcase name="qaReviewerSelectRequest" time="8.914" classname="test.ComadReviewTest"/>
  <testcase name="usacReviewManagerSignOut" time="2.190" classname="test.ComadReviewTest"/>
</testsuite> <!-- test.ComadReviewTest -->
