<?xml version="1.0" encoding="UTF-8"?>
<!-- Generated by org.testng.reporters.JUnitReportReporter -->
<testsuite hostname="ITGL-3XHVM12" name="test.FourComadReviewEditTest" tests="26" failures="0" timestamp="20 Jul 2017 14:48:46 GMT" time="158.733" errors="0">
  <testcase name="finalReviewManagerAssignRequest" time="20.934" classname="test.FourComadReviewEditTest"/>
  <testcase name="usacReviewManagerAssignRequest" time="11.925" classname="test.FourComadReviewEditTest"/>
  <testcase name="finalReviewerSelectRequest" time="8.964" classname="test.FourComadReviewEditTest"/>
  <testcase name="qaReviewManagerSignOut" time="2.087" classname="test.FourComadReviewEditTest"/>
  <testcase name="qaReviewerSignOut" time="2.281" classname="test.FourComadReviewEditTest"/>
  <testcase name="qaReviewerSubmitNote" time="27.736" classname="test.FourComadReviewEditTest"/>
  <testcase name="usacReviewerRelatedActions" time="1.483" classname="test.FourComadReviewEditTest"/>
  <testcase name="qareviewManagerLogin" time="1.377" classname="test.FourComadReviewEditTest"/>
  <testcase name="usacReviewerAddReviewNotes" time="0.976" classname="test.FourComadReviewEditTest"/>
  <testcase name="qaReviewerRelatedActions" time="1.474" classname="test.FourComadReviewEditTest"/>
  <testcase name="qaReviewManagerAssignRequest" time="12.368" classname="test.FourComadReviewEditTest"/>
  <testcase name="usacReviewerSubmitNote" time="1.809" classname="test.FourComadReviewEditTest"/>
  <testcase name="finalReviewManagerSignOut" time="2.128" classname="test.FourComadReviewEditTest"/>
  <testcase name="finalReviewerLogin" time="1.343" classname="test.FourComadReviewEditTest"/>
  <testcase name="finalReviewerSubmitNote" time="29.520" classname="test.FourComadReviewEditTest"/>
  <testcase name="usacReviewManagerLogin" time="1.276" classname="test.FourComadReviewEditTest"/>
  <testcase name="qaReviewerLogin" time="1.299" classname="test.FourComadReviewEditTest"/>
  <testcase name="qaReviewerSelectRequest" time="8.453" classname="test.FourComadReviewEditTest"/>
  <testcase name="finalReviewManagerLogin" time="3.053" classname="test.FourComadReviewEditTest"/>
  <testcase name="usacReviewerLogin" time="1.541" classname="test.FourComadReviewEditTest"/>
  <testcase name="finalReviewerRelatedActions" time="1.275" classname="test.FourComadReviewEditTest"/>
  <testcase name="usacReviewerSelectRequest" time="9.073" classname="test.FourComadReviewEditTest"/>
  <testcase name="qaReviewerAddReviewNotes" time="0.970" classname="test.FourComadReviewEditTest"/>
  <testcase name="usacReviewManagerSignOut" time="2.138" classname="test.FourComadReviewEditTest"/>
  <testcase name="finalReviewerAddReviewNotes" time="0.979" classname="test.FourComadReviewEditTest"/>
  <testcase name="finalReviewerSignOut" time="2.271" classname="test.FourComadReviewEditTest"/>
</testsuite> <!-- test.FourComadReviewEditTest -->
