<?xml version="1.0" encoding="UTF-8"?>
<!-- Generated by org.testng.reporters.JUnitReportReporter -->
<testsuite hostname="ITGL-3XHVM12" name="test.ComadReviewEditTest" tests="26" failures="0" timestamp="13 Jul 2017 18:26:21 GMT" time="121.238" errors="0">
  <testcase name="finalReviewManagerAssignRequest" time="14.857" classname="test.ComadReviewEditTest"/>
  <testcase name="finalReviewerSelectRequest" time="9.443" classname="test.ComadReviewEditTest"/>
  <testcase name="qaReviewManagerAssignRequest" time="12.330" classname="test.ComadReviewEditTest"/>
  <testcase name="qaReviewerSignOut" time="2.432" classname="test.ComadReviewEditTest"/>
  <testcase name="finalReviewerSignOut" time="2.091" classname="test.ComadReviewEditTest"/>
  <testcase name="usacReviewerLogin" time="1.373" classname="test.ComadReviewEditTest"/>
  <testcase name="usacReviewerSubmitNote" time="8.766" classname="test.ComadReviewEditTest"/>
  <testcase name="qaReviewerRelatedActions" time="1.601" classname="test.ComadReviewEditTest"/>
  <testcase name="finalReviewManagerSignOut" time="2.291" classname="test.ComadReviewEditTest"/>
  <testcase name="finalReviewerLogin" time="1.352" classname="test.ComadReviewEditTest"/>
  <testcase name="qaReviewerSubmitNote" time="8.063" classname="test.ComadReviewEditTest"/>
  <testcase name="usacReviewerRelatedActions" time="1.305" classname="test.ComadReviewEditTest"/>
  <testcase name="usacReviewerAddReviewNotes" time="1.631" classname="test.ComadReviewEditTest"/>
  <testcase name="qaReviewerAddReviewNotes" time="1.095" classname="test.ComadReviewEditTest"/>
  <testcase name="finalReviewManagerLogin" time="2.788" classname="test.ComadReviewEditTest"/>
  <testcase name="qareviewManagerLogin" time="1.289" classname="test.ComadReviewEditTest"/>
  <testcase name="finalReviewerRelatedActions" time="1.453" classname="test.ComadReviewEditTest"/>
  <testcase name="qaReviewManagerSignOut" time="2.056" classname="test.ComadReviewEditTest"/>
  <testcase name="qaReviewerLogin" time="1.436" classname="test.ComadReviewEditTest"/>
  <testcase name="usacReviewManagerAssignRequest" time="12.115" classname="test.ComadReviewEditTest"/>
  <testcase name="usacReviewerSelectRequest" time="9.379" classname="test.ComadReviewEditTest"/>
  <testcase name="usacReviewManagerLogin" time="1.659" classname="test.ComadReviewEditTest"/>
  <testcase name="finalReviewerAddReviewNotes" time="1.141" classname="test.ComadReviewEditTest"/>
  <testcase name="finalReviewerSubmitNote" time="8.036" classname="test.ComadReviewEditTest"/>
  <testcase name="qaReviewerSelectRequest" time="9.153" classname="test.ComadReviewEditTest"/>
  <testcase name="usacReviewManagerSignOut" time="2.103" classname="test.ComadReviewEditTest"/>
</testsuite> <!-- test.ComadReviewEditTest -->
