<?xml version="1.0" encoding="UTF-8"?>
<!-- Generated by org.testng.reporters.JUnitReportReporter -->
<testsuite hostname="ITGL-3XHVM12" name="test.LoginTest" tests="2" failures="0" timestamp="21 Apr 2017 15:11:42 GMT" time="15.763" errors="0">
  <testcase name="recordsTab" time="6.396" classname="test.LoginTest"/>
  <testcase name="userLogin" time="9.367" classname="test.LoginTest"/>
</testsuite> <!-- test.LoginTest -->
