<?xml version="1.0" encoding="UTF-8"?>
<!-- Generated by org.testng.reporters.JUnitReportReporter -->
<testsuite hostname="ITGL-3XHVM12" name="test.CreateComad" tests="3" failures="0" timestamp="15 Jun 2017 14:30:22 GMT" time="32.487" errors="0">
  <testcase name="selectFrn" time="24.674" classname="test.CreateComad"/>
  <testcase name="actionsTab" time="4.914" classname="test.CreateComad"/>
  <testcase name="userLogin" time="2.899" classname="test.CreateComad"/>
</testsuite> <!-- test.CreateComad -->
