<?xml version="1.0" encoding="UTF-8"?>
<!-- Generated by org.testng.reporters.JUnitReportReporter -->
<testsuite hostname="ITGL-3XHVM12" name="test.Create4ComadTest" tests="3" failures="0" timestamp="17 Jul 2017 13:59:09 GMT" time="67.916" errors="0">
  <testcase name="selectFrn" time="53.215" classname="test.Create4ComadTest"/>
  <testcase name="userLogin" time="2.913" classname="test.Create4ComadTest"/>
  <testcase name="actionsTab" time="11.788" classname="test.Create4ComadTest"/>
</testsuite> <!-- test.Create4ComadTest -->
