<?xml version="1.0" encoding="UTF-8"?>
<!-- Generated by org.testng.reporters.JUnitReportReporter -->
<testsuite hostname="DESKTOP-UNJTB0M" name="test.LoginTest" tests="2" failures="0" timestamp="10 May 2017 16:51:47 GMT" time="10.819" errors="0">
  <testcase name="userLogin" time="3.457" classname="test.LoginTest"/>
  <testcase name="recordsTab" time="7.362" classname="test.LoginTest"/>
</testsuite> <!-- test.LoginTest -->
