<?xml version="1.0" encoding="UTF-8"?>
<!-- Generated by org.testng.reporters.JUnitReportReporter -->
<testsuite hostname="ITGL-3XHVM12" name="test.CreateComadTest" tests="3" failures="0" timestamp="17 Jul 2017 14:39:17 GMT" time="38.774" errors="0">
  <testcase name="userLogin" time="2.748" classname="test.CreateComadTest"/>
  <testcase name="selectFrn" time="24.325" classname="test.CreateComadTest"/>
  <testcase name="actionsTab" time="11.701" classname="test.CreateComadTest"/>
</testsuite> <!-- test.CreateComadTest -->
