<?xml version="1.0" encoding="UTF-8"?>
<!-- Generated by org.testng.reporters.JUnitReportReporter -->
<testsuite hostname="ITGL-3XHVM12" name="test.LoginTest" tests="2" failures="0" timestamp="3 May 2017 18:02:49 GMT" time="19.874" errors="0">
  <testcase name="recordsTab" time="15.089" classname="test.LoginTest"/>
  <testcase name="userLogin" time="4.785" classname="test.LoginTest"/>
</testsuite> <!-- test.LoginTest -->
