<?xml version="1.0" encoding="UTF-8"?>
<!-- Generated by org.testng.reporters.JUnitReportReporter -->
<testsuite hostname="ITGL-3XHVM12" name="test.ComadReviewEditTest" tests="26" failures="0" timestamp="26 Jun 2017 18:55:54 GMT" time="117.710" errors="0">
  <testcase name="finalReviewManagerAssignRequest" time="21.155" classname="test.ComadReviewEditTest"/>
  <testcase name="finalReviewerSubmitNote" time="6.460" classname="test.ComadReviewEditTest"/>
  <testcase name="finalReviewerSelectRequest" time="8.606" classname="test.ComadReviewEditTest"/>
  <testcase name="qaReviewerSubmitNote" time="5.981" classname="test.ComadReviewEditTest"/>
  <testcase name="qaReviewerSelectRequest" time="8.607" classname="test.ComadReviewEditTest"/>
  <testcase name="finalReviewManagerSignOut" time="2.313" classname="test.ComadReviewEditTest"/>
  <testcase name="finalReviewerLogin" time="1.303" classname="test.ComadReviewEditTest"/>
  <testcase name="qaReviewManagerSignOut" time="2.074" classname="test.ComadReviewEditTest"/>
  <testcase name="usacReviewerLogin" time="1.341" classname="test.ComadReviewEditTest"/>
  <testcase name="qaReviewerSignOut" time="2.549" classname="test.ComadReviewEditTest"/>
  <testcase name="usacReviewerSubmitNote" time="5.880" classname="test.ComadReviewEditTest"/>
  <testcase name="qareviewManagerLogin" time="1.312" classname="test.ComadReviewEditTest"/>
  <testcase name="finalReviewerSignOut" time="2.139" classname="test.ComadReviewEditTest"/>
  <testcase name="qaReviewerRelatedActions" time="1.467" classname="test.ComadReviewEditTest"/>
  <testcase name="finalReviewManagerLogin" time="2.709" classname="test.ComadReviewEditTest"/>
  <testcase name="qaReviewerLogin" time="1.306" classname="test.ComadReviewEditTest"/>
  <testcase name="usacReviewerAddReviewNotes" time="1.318" classname="test.ComadReviewEditTest"/>
  <testcase name="usacReviewerRelatedActions" time="1.359" classname="test.ComadReviewEditTest"/>
  <testcase name="finalReviewerRelatedActions" time="1.413" classname="test.ComadReviewEditTest"/>
  <testcase name="qaReviewManagerAssignRequest" time="11.910" classname="test.ComadReviewEditTest"/>
  <testcase name="usacReviewManagerLogin" time="1.315" classname="test.ComadReviewEditTest"/>
  <testcase name="usacReviewManagerSignOut" time="2.065" classname="test.ComadReviewEditTest"/>
  <testcase name="usacReviewerSelectRequest" time="8.230" classname="test.ComadReviewEditTest"/>
  <testcase name="qaReviewerAddReviewNotes" time="1.459" classname="test.ComadReviewEditTest"/>
  <testcase name="finalReviewerAddReviewNotes" time="1.282" classname="test.ComadReviewEditTest"/>
  <testcase name="usacReviewManagerAssignRequest" time="12.157" classname="test.ComadReviewEditTest"/>
</testsuite> <!-- test.ComadReviewEditTest -->
