<?xml version="1.0" encoding="UTF-8"?>
<!-- Generated by org.testng.reporters.JUnitReportReporter -->
<testsuite hostname="ITGL-3XHVM12" name="test.FourCreateComadTest" tests="3" failures="0" timestamp="20 Jul 2017 17:10:42 GMT" time="69.533" errors="0">
  <testcase name="selectFrn" time="54.807" classname="test.FourCreateComadTest"/>
  <testcase name="userLogin" time="3.081" classname="test.FourCreateComadTest"/>
  <testcase name="actionsTab" time="11.645" classname="test.FourCreateComadTest"/>
</testsuite> <!-- test.FourCreateComadTest -->
