<?xml version="1.0" encoding="UTF-8"?>
<!-- Generated by org.testng.reporters.JUnitReportReporter -->
<testsuite hostname="ITGL-3XHVM12" name="test.CreateComadTest" tests="3" failures="0" timestamp="26 Jun 2017 18:13:30 GMT" time="40.653" errors="0">
  <testcase name="userLogin" time="3.936" classname="test.CreateComadTest"/>
  <testcase name="selectFrn" time="24.675" classname="test.CreateComadTest"/>
  <testcase name="actionsTab" time="12.042" classname="test.CreateComadTest"/>
</testsuite> <!-- test.CreateComadTest -->
