<?xml version="1.0" encoding="UTF-8"?>
<!-- Generated by org.testng.reporters.JUnitReportReporter -->
<testsuite hostname="ITGL-3XHVM12" name="test.LoginTest" tests="2" failures="0" timestamp="3 May 2017 20:20:13 GMT" time="18.562" errors="0">
  <testcase name="recordsTab" time="13.160" classname="test.LoginTest"/>
  <testcase name="userLogin" time="5.402" classname="test.LoginTest"/>
</testsuite> <!-- test.LoginTest -->
