<?xml version="1.0" encoding="UTF-8"?>
<!-- Generated by org.testng.reporters.JUnitReportReporter -->
<testsuite hostname="ITGL-3XHVM12" name="test.CreateComad" tests="3" failures="0" timestamp="20 Jun 2017 15:15:35 GMT" time="38.341" errors="0">
  <testcase name="userLogin" time="3.057" classname="test.CreateComad"/>
  <testcase name="selectFrn" time="23.566" classname="test.CreateComad"/>
  <testcase name="actionsTab" time="11.718" classname="test.CreateComad"/>
</testsuite> <!-- test.CreateComad -->
