<?xml version="1.0" encoding="UTF-8"?>
<!-- Generated by org.testng.reporters.JUnitReportReporter -->
<testsuite hostname="ITGL-3XHVM12" name="test.RunTest" tests="1" failures="0" timestamp="31 Aug 2016 18:44:10 GMT" time="8.639" errors="0">
  <testcase name="f" time="8.639" classname="test.RunTest"/>
</testsuite> <!-- test.RunTest -->
