<?xml version="1.0" encoding="UTF-8"?>
<!-- Generated by org.testng.reporters.JUnitReportReporter -->
<testsuite hostname="ITGL-3XHVM12" name="test.CreateComadTest" tests="3" failures="0" timestamp="20 Jun 2017 16:43:55 GMT" time="37.499" errors="0">
  <testcase name="userLogin" time="2.655" classname="test.CreateComadTest"/>
  <testcase name="selectFrn" time="23.266" classname="test.CreateComadTest"/>
  <testcase name="actionsTab" time="11.578" classname="test.CreateComadTest"/>
</testsuite> <!-- test.CreateComadTest -->
