<?xml version="1.0" encoding="UTF-8"?>
<!-- Generated by org.testng.reporters.JUnitReportReporter -->
<testsuite hostname="ITGL-3XHVM12" name="test.CreateComad" tests="3" failures="0" timestamp="15 Jun 2017 14:58:31 GMT" time="32.862" errors="0">
  <testcase name="selectFrn" time="24.911" classname="test.CreateComad"/>
  <testcase name="actionsTab" time="1.928" classname="test.CreateComad"/>
  <testcase name="userLogin" time="6.023" classname="test.CreateComad"/>
</testsuite> <!-- test.CreateComad -->
