<?xml version="1.0" encoding="UTF-8"?>
<!-- Generated by org.testng.reporters.JUnitReportReporter -->
<testsuite hostname="ITGL-3XHVM12" name="test.ComadReview" tests="26" failures="0" timestamp="20 Jun 2017 15:33:22 GMT" time="117.399" errors="0">
  <testcase name="qaReviewerLogin" time="1.326" classname="test.ComadReview"/>
  <testcase name="finalReviewerRelatedActions" time="1.412" classname="test.ComadReview"/>
  <testcase name="qaReviewerSubmitNote" time="5.833" classname="test.ComadReview"/>
  <testcase name="finalReviewManagerSignOut" time="2.266" classname="test.ComadReview"/>
  <testcase name="qaReviewerAddReviewNotes" time="0.946" classname="test.ComadReview"/>
  <testcase name="usacReviewManagerSignOut" time="2.067" classname="test.ComadReview"/>
  <testcase name="usacReviewerLogin" time="1.268" classname="test.ComadReview"/>
  <testcase name="qaReviewerSelectRequest" time="8.132" classname="test.ComadReview"/>
  <testcase name="finalReviewerSignOut" time="2.069" classname="test.ComadReview"/>
  <testcase name="usacReviewerAddReviewNotes" time="0.980" classname="test.ComadReview"/>
  <testcase name="qaReviewManagerSignOut" time="2.046" classname="test.ComadReview"/>
  <testcase name="usacReviewerSelectRequest" time="8.198" classname="test.ComadReview"/>
  <testcase name="qaReviewManagerAssignRequest" time="12.066" classname="test.ComadReview"/>
  <testcase name="finalReviewerAddReviewNotes" time="1.433" classname="test.ComadReview"/>
  <testcase name="qaReviewerSignOut" time="2.227" classname="test.ComadReview"/>
  <testcase name="usacReviewerSubmitNote" time="6.203" classname="test.ComadReview"/>
  <testcase name="USACreviewManagerLogin" time="1.336" classname="test.ComadReview"/>
  <testcase name="usacReviewManagerAssignRequest" time="12.080" classname="test.ComadReview"/>
  <testcase name="qareviewManagerLogin" time="1.372" classname="test.ComadReview"/>
  <testcase name="usacReviewerRelatedActions" time="1.508" classname="test.ComadReview"/>
  <testcase name="finalReviewManagerLogin" time="2.638" classname="test.ComadReview"/>
  <testcase name="finalReviewerSelectRequest" time="8.258" classname="test.ComadReview"/>
  <testcase name="finalReviewerLogin" time="1.381" classname="test.ComadReview"/>
  <testcase name="finalReviewManagerAssignRequest" time="21.320" classname="test.ComadReview"/>
  <testcase name="finalReviewerSubmitNote" time="7.550" classname="test.ComadReview"/>
  <testcase name="qaReviewerRelatedActions" time="1.484" classname="test.ComadReview"/>
</testsuite> <!-- test.ComadReview -->
