<?xml version="1.0" encoding="UTF-8"?>
<!-- Generated by org.testng.reporters.JUnitReportReporter -->
<testsuite hostname="ITGL-3XHVM12" name="test.LoginTest" tests="2" failures="0" timestamp="15 May 2017 19:19:38 GMT" time="8.938" errors="0">
  <testcase name="recordsTab" time="6.347" classname="test.LoginTest"/>
  <testcase name="userLogin" time="2.591" classname="test.LoginTest"/>
</testsuite> <!-- test.LoginTest -->
