<?xml version="1.0" encoding="UTF-8"?>
<!-- Generated by org.testng.reporters.JUnitReportReporter -->
<testsuite hostname="ITGL-3XHVM12" name="test.ComadReviewTest" tests="26" failures="0" timestamp="22 Jun 2017 18:31:07 GMT" time="115.822" errors="0">
  <testcase name="finalReviewManagerAssignRequest" time="21.025" classname="test.ComadReviewTest"/>
  <testcase name="finalReviewerSelectRequest" time="8.743" classname="test.ComadReviewTest"/>
  <testcase name="usacReviewerSubmitNote" time="6.196" classname="test.ComadReviewTest"/>
  <testcase name="qaReviewManagerAssignRequest" time="11.780" classname="test.ComadReviewTest"/>
  <testcase name="qaReviewerSignOut" time="2.203" classname="test.ComadReviewTest"/>
  <testcase name="finalReviewerSignOut" time="2.275" classname="test.ComadReviewTest"/>
  <testcase name="usacReviewerLogin" time="1.304" classname="test.ComadReviewTest"/>
  <testcase name="qaReviewerRelatedActions" time="1.226" classname="test.ComadReviewTest"/>
  <testcase name="finalReviewManagerSignOut" time="2.161" classname="test.ComadReviewTest"/>
  <testcase name="finalReviewerLogin" time="1.289" classname="test.ComadReviewTest"/>
  <testcase name="qaReviewerSubmitNote" time="6.023" classname="test.ComadReviewTest"/>
  <testcase name="usacReviewerRelatedActions" time="1.523" classname="test.ComadReviewTest"/>
  <testcase name="usacReviewerAddReviewNotes" time="1.401" classname="test.ComadReviewTest"/>
  <testcase name="qaReviewerAddReviewNotes" time="0.943" classname="test.ComadReviewTest"/>
  <testcase name="finalReviewManagerLogin" time="2.717" classname="test.ComadReviewTest"/>
  <testcase name="qareviewManagerLogin" time="1.266" classname="test.ComadReviewTest"/>
  <testcase name="finalReviewerRelatedActions" time="1.361" classname="test.ComadReviewTest"/>
  <testcase name="qaReviewManagerSignOut" time="2.164" classname="test.ComadReviewTest"/>
  <testcase name="qaReviewerLogin" time="1.296" classname="test.ComadReviewTest"/>
  <testcase name="usacReviewManagerAssignRequest" time="11.721" classname="test.ComadReviewTest"/>
  <testcase name="usacReviewerSelectRequest" time="8.447" classname="test.ComadReviewTest"/>
  <testcase name="usacReviewManagerLogin" time="1.330" classname="test.ComadReviewTest"/>
  <testcase name="finalReviewerAddReviewNotes" time="0.970" classname="test.ComadReviewTest"/>
  <testcase name="finalReviewerSubmitNote" time="5.936" classname="test.ComadReviewTest"/>
  <testcase name="qaReviewerSelectRequest" time="8.407" classname="test.ComadReviewTest"/>
  <testcase name="usacReviewManagerSignOut" time="2.115" classname="test.ComadReviewTest"/>
</testsuite> <!-- test.ComadReviewTest -->
