<?xml version="1.0" encoding="UTF-8"?>
<!-- Generated by org.testng.reporters.JUnitReportReporter -->
<testsuite hostname="ITGL-3XHVM12" name="test.ComadReviewTest" tests="26" failures="0" timestamp="20 Jun 2017 16:50:09 GMT" time="116.285" errors="0">
  <testcase name="qaReviewerLogin" time="1.306" classname="test.ComadReviewTest"/>
  <testcase name="finalReviewerRelatedActions" time="1.218" classname="test.ComadReviewTest"/>
  <testcase name="qaReviewerSubmitNote" time="6.164" classname="test.ComadReviewTest"/>
  <testcase name="finalReviewManagerSignOut" time="2.227" classname="test.ComadReviewTest"/>
  <testcase name="qaReviewerAddReviewNotes" time="0.985" classname="test.ComadReviewTest"/>
  <testcase name="usacReviewManagerSignOut" time="2.043" classname="test.ComadReviewTest"/>
  <testcase name="usacReviewerLogin" time="1.264" classname="test.ComadReviewTest"/>
  <testcase name="qaReviewerSelectRequest" time="8.372" classname="test.ComadReviewTest"/>
  <testcase name="finalReviewerSignOut" time="2.234" classname="test.ComadReviewTest"/>
  <testcase name="usacReviewerAddReviewNotes" time="1.479" classname="test.ComadReviewTest"/>
  <testcase name="qaReviewManagerSignOut" time="2.109" classname="test.ComadReviewTest"/>
  <testcase name="usacReviewerSelectRequest" time="8.346" classname="test.ComadReviewTest"/>
  <testcase name="qaReviewManagerAssignRequest" time="11.780" classname="test.ComadReviewTest"/>
  <testcase name="finalReviewerAddReviewNotes" time="0.951" classname="test.ComadReviewTest"/>
  <testcase name="qaReviewerSignOut" time="2.528" classname="test.ComadReviewTest"/>
  <testcase name="usacReviewerSubmitNote" time="6.012" classname="test.ComadReviewTest"/>
  <testcase name="usacReviewManagerLogin" time="1.293" classname="test.ComadReviewTest"/>
  <testcase name="usacReviewManagerAssignRequest" time="12.446" classname="test.ComadReviewTest"/>
  <testcase name="qareviewManagerLogin" time="1.349" classname="test.ComadReviewTest"/>
  <testcase name="usacReviewerRelatedActions" time="1.410" classname="test.ComadReviewTest"/>
  <testcase name="finalReviewManagerLogin" time="2.742" classname="test.ComadReviewTest"/>
  <testcase name="finalReviewerSelectRequest" time="8.569" classname="test.ComadReviewTest"/>
  <testcase name="finalReviewerLogin" time="1.328" classname="test.ComadReviewTest"/>
  <testcase name="finalReviewManagerAssignRequest" time="20.890" classname="test.ComadReviewTest"/>
  <testcase name="finalReviewerSubmitNote" time="5.889" classname="test.ComadReviewTest"/>
  <testcase name="qaReviewerRelatedActions" time="1.351" classname="test.ComadReviewTest"/>
</testsuite> <!-- test.ComadReviewTest -->
