<?xml version="1.0" encoding="UTF-8"?>
<!-- Generated by org.testng.reporters.JUnitReportReporter -->
<testsuite hostname="ITGL-3XHVM12" name="pages.LoginTest" tests="2" failures="0" timestamp="11 Oct 2016 18:04:43 GMT" time="16.031" errors="0">
  <testcase name="secondTest" time="6.713" classname="pages.LoginTest"/>
  <testcase name="firstTest" time="9.318" classname="pages.LoginTest"/>
</testsuite> <!-- pages.LoginTest -->
