<?xml version="1.0" encoding="UTF-8"?>
<!-- Generated by org.testng.reporters.JUnitReportReporter -->
<testsuite hostname="ITGL-3XHVM12" name="test.ReadExcel" tests="1" failures="0" timestamp="1 Sep 2016 18:12:19 GMT" time="0.299" errors="0">
  <testcase name="ReadContent" time="0.299" classname="test.ReadExcel"/>
</testsuite> <!-- test.ReadExcel -->
